<?xml version="1.0" encoding="UTF-8"?>
<!-- Generated by org.testng.reporters.JUnitReportReporter -->
<testsuite hostname="Gagans-MacBook-Pro.local" failures="0" tests="2" name="com.vtiger.crm.createOrg.OrgTest" time="0.002" errors="0" timestamp="2024-12-09T16:00:58 IST" skipped="0">
  <testcase classname="com.vtiger.crm.createOrg.OrgTest" name="createOrgTest" time="0.001"/>
  <testcase classname="com.vtiger.crm.createOrg.OrgTest" name="modifyOrgTest" time="0.001"/>
</testsuite> <!-- com.vtiger.crm.createOrg.OrgTest -->
