<?xml version="1.0" encoding="UTF-8"?>
<!-- Generated by org.testng.reporters.JUnitReportReporter -->
<testsuite hostname="Gagans-MacBook-Pro.local" failures="0" tests="2" name="com.vtiger.crm.createContact.ContactTest" time="0.003" errors="0" timestamp="2024-12-09T16:00:58 IST" skipped="0">
  <testcase classname="com.vtiger.crm.createContact.ContactTest" name="modifyContactTest" time="0.000"/>
  <testcase classname="com.vtiger.crm.createContact.ContactTest" name="createContactTest" time="0.003"/>
</testsuite> <!-- com.vtiger.crm.createContact.ContactTest -->
